[12-May-2025 13:12:28 Europe/Berlin] === Starting Payroll API Request ===
[12-May-2025 13:12:28 Europe/Berlin] Request Method: GET
[12-May-2025 13:12:28 Europe/Berlin] Request URI: /qlnhansu_V3/backend/src/public/admin/api/payroll.php
[12-May-2025 13:12:28 Europe/Berlin] Current directory: C:\xampp\htdocs\qlnhansu_V3\backend\src\public\admin\api
[12-May-2025 13:12:28 Europe/Berlin] Looking for database file at: C:\xampp\htdocs\qlnhansu_V3\backend\src\public\admin\api/../../../config/database.php
[12-May-2025 13:12:28 Europe/Berlin] Looking for functions file at: C:\xampp\htdocs\qlnhansu_V3\backend\src\public\admin\api/../../../config/functions.php
[12-May-2025 13:12:28 Europe/Berlin] === Starting Payroll API Request ===
[12-May-2025 13:12:28 Europe/Berlin] Request Method: GET
[12-May-2025 13:12:28 Europe/Berlin] Request URI: /qlnhansu_V3/backend/src/public/admin/api/payroll.php?action=years
[12-May-2025 13:12:28 Europe/Berlin] Current directory: C:\xampp\htdocs\qlnhansu_V3\backend\src\public\admin\api
[12-May-2025 13:12:28 Europe/Berlin] Looking for database file at: C:\xampp\htdocs\qlnhansu_V3\backend\src\public\admin\api/../../../config/database.php
[12-May-2025 13:12:28 Europe/Berlin] Looking for functions file at: C:\xampp\htdocs\qlnhansu_V3\backend\src\public\admin\api/../../../config/functions.php
[12-May-2025 13:12:32 Europe/Berlin] === Starting Payroll API Request ===
[12-May-2025 13:12:32 Europe/Berlin] Request Method: GET
[12-May-2025 13:12:32 Europe/Berlin] Request URI: /qlnhansu_V3/backend/src/public/admin/api/payroll.php
[12-May-2025 13:12:32 Europe/Berlin] Current directory: C:\xampp\htdocs\qlnhansu_V3\backend\src\public\admin\api
[12-May-2025 13:12:32 Europe/Berlin] Looking for database file at: C:\xampp\htdocs\qlnhansu_V3\backend\src\public\admin\api/../../../config/database.php
[12-May-2025 13:12:32 Europe/Berlin] Looking for functions file at: C:\xampp\htdocs\qlnhansu_V3\backend\src\public\admin\api/../../../config/functions.php
[12-May-2025 13:12:37 Europe/Berlin] === Starting Payroll API Request ===
[12-May-2025 13:12:37 Europe/Berlin] Request Method: GET
[12-May-2025 13:12:37 Europe/Berlin] Request URI: /qlnhansu_V3/backend/src/public/admin/api/payroll.php
[12-May-2025 13:12:37 Europe/Berlin] Current directory: C:\xampp\htdocs\qlnhansu_V3\backend\src\public\admin\api
[12-May-2025 13:12:37 Europe/Berlin] Looking for database file at: C:\xampp\htdocs\qlnhansu_V3\backend\src\public\admin\api/../../../config/database.php
[12-May-2025 13:12:37 Europe/Berlin] Looking for functions file at: C:\xampp\htdocs\qlnhansu_V3\backend\src\public\admin\api/../../../config/functions.php
[12-May-2025 13:12:41 Europe/Berlin] === Starting Payroll API Request ===
[12-May-2025 13:12:41 Europe/Berlin] Request Method: GET
[12-May-2025 13:12:41 Europe/Berlin] Request URI: /qlnhansu_V3/backend/src/public/admin/api/payroll.php
[12-May-2025 13:12:41 Europe/Berlin] Current directory: C:\xampp\htdocs\qlnhansu_V3\backend\src\public\admin\api
[12-May-2025 13:12:41 Europe/Berlin] Looking for database file at: C:\xampp\htdocs\qlnhansu_V3\backend\src\public\admin\api/../../../config/database.php
[12-May-2025 13:12:41 Europe/Berlin] Looking for functions file at: C:\xampp\htdocs\qlnhansu_V3\backend\src\public\admin\api/../../../config/functions.php
[12-May-2025 13:12:46 Europe/Berlin] === Starting Payroll API Request ===
[12-May-2025 13:12:46 Europe/Berlin] Request Method: GET
[12-May-2025 13:12:46 Europe/Berlin] Request URI: /qlnhansu_V3/backend/src/public/admin/api/payroll.php
[12-May-2025 13:12:46 Europe/Berlin] Current directory: C:\xampp\htdocs\qlnhansu_V3\backend\src\public\admin\api
[12-May-2025 13:12:46 Europe/Berlin] Looking for database file at: C:\xampp\htdocs\qlnhansu_V3\backend\src\public\admin\api/../../../config/database.php
[12-May-2025 13:12:46 Europe/Berlin] Looking for functions file at: C:\xampp\htdocs\qlnhansu_V3\backend\src\public\admin\api/../../../config/functions.php
[12-May-2025 13:12:46 Europe/Berlin] === Starting Payroll API Request ===
[12-May-2025 13:12:46 Europe/Berlin] Request Method: GET
[12-May-2025 13:12:46 Europe/Berlin] Request URI: /qlnhansu_V3/backend/src/public/admin/api/payroll.php?action=years
[12-May-2025 13:12:46 Europe/Berlin] Current directory: C:\xampp\htdocs\qlnhansu_V3\backend\src\public\admin\api
[12-May-2025 13:12:46 Europe/Berlin] Looking for database file at: C:\xampp\htdocs\qlnhansu_V3\backend\src\public\admin\api/../../../config/database.php
[12-May-2025 13:12:46 Europe/Berlin] Looking for functions file at: C:\xampp\htdocs\qlnhansu_V3\backend\src\public\admin\api/../../../config/functions.php
[12-May-2025 13:16:10 Europe/Berlin] === Starting Payroll API Request ===
[12-May-2025 13:16:10 Europe/Berlin] Request Method: GET
[12-May-2025 13:16:10 Europe/Berlin] Request URI: /qlnhansu_V3/backend/src/public/admin/api/payroll.php
[12-May-2025 13:16:10 Europe/Berlin] Current directory: C:\xampp\htdocs\qlnhansu_V3\backend\src\public\admin\api
[12-May-2025 13:16:10 Europe/Berlin] Looking for database file at: C:\xampp\htdocs\qlnhansu_V3\backend\src\public\admin\api/../../../config/database.php
[12-May-2025 13:16:10 Europe/Berlin] Looking for functions file at: C:\xampp\htdocs\qlnhansu_V3\backend\src\public\admin\api/../../../config/functions.php
[12-May-2025 13:16:10 Europe/Berlin] === Starting Payroll API Request ===
[12-May-2025 13:16:10 Europe/Berlin] Request Method: GET
[12-May-2025 13:16:10 Europe/Berlin] Request URI: /qlnhansu_V3/backend/src/public/admin/api/payroll.php?action=years
[12-May-2025 13:16:10 Europe/Berlin] Current directory: C:\xampp\htdocs\qlnhansu_V3\backend\src\public\admin\api
[12-May-2025 13:16:10 Europe/Berlin] Looking for database file at: C:\xampp\htdocs\qlnhansu_V3\backend\src\public\admin\api/../../../config/database.php
[12-May-2025 13:16:10 Europe/Berlin] Looking for functions file at: C:\xampp\htdocs\qlnhansu_V3\backend\src\public\admin\api/../../../config/functions.php
[12-May-2025 13:16:16 Europe/Berlin] === Starting Payroll API Request ===
[12-May-2025 13:16:16 Europe/Berlin] Request Method: GET
[12-May-2025 13:16:16 Europe/Berlin] Request URI: /qlnhansu_V3/backend/src/public/admin/api/payroll.php
[12-May-2025 13:16:16 Europe/Berlin] Current directory: C:\xampp\htdocs\qlnhansu_V3\backend\src\public\admin\api
[12-May-2025 13:16:16 Europe/Berlin] Looking for database file at: C:\xampp\htdocs\qlnhansu_V3\backend\src\public\admin\api/../../../config/database.php
[12-May-2025 13:16:16 Europe/Berlin] Looking for functions file at: C:\xampp\htdocs\qlnhansu_V3\backend\src\public\admin\api/../../../config/functions.php
[12-May-2025 13:16:16 Europe/Berlin] === Starting Payroll API Request ===
[12-May-2025 13:16:16 Europe/Berlin] Request Method: GET
[12-May-2025 13:16:16 Europe/Berlin] Request URI: /qlnhansu_V3/backend/src/public/admin/api/payroll.php?action=years
[12-May-2025 13:16:16 Europe/Berlin] Current directory: C:\xampp\htdocs\qlnhansu_V3\backend\src\public\admin\api
[12-May-2025 13:16:16 Europe/Berlin] Looking for database file at: C:\xampp\htdocs\qlnhansu_V3\backend\src\public\admin\api/../../../config/database.php
[12-May-2025 13:16:16 Europe/Berlin] Looking for functions file at: C:\xampp\htdocs\qlnhansu_V3\backend\src\public\admin\api/../../../config/functions.php
[12-May-2025 13:22:24 Europe/Berlin] === Starting Payroll API Request ===
[12-May-2025 13:22:24 Europe/Berlin] Request Method: GET
[12-May-2025 13:22:24 Europe/Berlin] Request URI: /qlnhansu_V3/backend/src/public/admin/api/payroll.php?action=export&search=&department_id=&month=&year=2025
[12-May-2025 13:22:24 Europe/Berlin] Current directory: C:\xampp\htdocs\qlnhansu_V3\backend\src\public\admin\api
[12-May-2025 13:22:24 Europe/Berlin] Looking for database file at: C:\xampp\htdocs\qlnhansu_V3\backend\src\public\admin\api/../../../config/database.php
[12-May-2025 13:22:25 Europe/Berlin] Looking for functions file at: C:\xampp\htdocs\qlnhansu_V3\backend\src\public\admin\api/../../../config/functions.php
[12-May-2025 13:22:25 Europe/Berlin] === Starting Payroll API Request ===
[12-May-2025 13:22:25 Europe/Berlin] Request Method: POST
[12-May-2025 13:22:25 Europe/Berlin] Request URI: /qlnhansu_V3/backend/src/public/admin/api/payroll.php?action=export
[12-May-2025 13:22:25 Europe/Berlin] Current directory: C:\xampp\htdocs\qlnhansu_V3\backend\src\public\admin\api
[12-May-2025 13:22:25 Europe/Berlin] Looking for database file at: C:\xampp\htdocs\qlnhansu_V3\backend\src\public\admin\api/../../../config/database.php
[12-May-2025 13:22:25 Europe/Berlin] Looking for functions file at: C:\xampp\htdocs\qlnhansu_V3\backend\src\public\admin\api/../../../config/functions.php
[12-May-2025 13:22:26 Europe/Berlin] === Starting Payroll API Request ===
[12-May-2025 13:22:26 Europe/Berlin] Request Method: GET
[12-May-2025 13:22:26 Europe/Berlin] Request URI: /qlnhansu_V3/backend/src/public/admin/api/payroll.php
[12-May-2025 13:22:26 Europe/Berlin] Current directory: C:\xampp\htdocs\qlnhansu_V3\backend\src\public\admin\api
[12-May-2025 13:22:26 Europe/Berlin] Looking for database file at: C:\xampp\htdocs\qlnhansu_V3\backend\src\public\admin\api/../../../config/database.php
[12-May-2025 13:22:26 Europe/Berlin] Looking for functions file at: C:\xampp\htdocs\qlnhansu_V3\backend\src\public\admin\api/../../../config/functions.php
[12-May-2025 13:22:26 Europe/Berlin] === Starting Payroll API Request ===
[12-May-2025 13:22:26 Europe/Berlin] Request Method: GET
[12-May-2025 13:22:26 Europe/Berlin] Request URI: /qlnhansu_V3/backend/src/public/admin/api/payroll.php?action=years
[12-May-2025 13:22:26 Europe/Berlin] Current directory: C:\xampp\htdocs\qlnhansu_V3\backend\src\public\admin\api
[12-May-2025 13:22:26 Europe/Berlin] Looking for database file at: C:\xampp\htdocs\qlnhansu_V3\backend\src\public\admin\api/../../../config/database.php
[12-May-2025 13:22:26 Europe/Berlin] Looking for functions file at: C:\xampp\htdocs\qlnhansu_V3\backend\src\public\admin\api/../../../config/functions.php
[12-May-2025 13:22:32 Europe/Berlin] === Starting Payroll API Request ===
[12-May-2025 13:22:32 Europe/Berlin] Request Method: GET
[12-May-2025 13:22:32 Europe/Berlin] Request URI: /qlnhansu_V3/backend/src/public/admin/api/payroll.php?action=searchEmployee&employeeCode=EMP-ADM-001
[12-May-2025 13:22:32 Europe/Berlin] Current directory: C:\xampp\htdocs\qlnhansu_V3\backend\src\public\admin\api
[12-May-2025 13:22:32 Europe/Berlin] Looking for database file at: C:\xampp\htdocs\qlnhansu_V3\backend\src\public\admin\api/../../../config/database.php
[12-May-2025 13:22:32 Europe/Berlin] Looking for functions file at: C:\xampp\htdocs\qlnhansu_V3\backend\src\public\admin\api/../../../config/functions.php
[12-May-2025 13:23:03 Europe/Berlin] === Starting Payroll API Request ===
[12-May-2025 13:23:03 Europe/Berlin] Request Method: DELETE
[12-May-2025 13:23:03 Europe/Berlin] Request URI: /qlnhansu_V3/backend/src/public/admin/api/payroll.php?id=7409
[12-May-2025 13:23:03 Europe/Berlin] Current directory: C:\xampp\htdocs\qlnhansu_V3\backend\src\public\admin\api
[12-May-2025 13:23:03 Europe/Berlin] Looking for database file at: C:\xampp\htdocs\qlnhansu_V3\backend\src\public\admin\api/../../../config/database.php
[12-May-2025 13:23:03 Europe/Berlin] Looking for functions file at: C:\xampp\htdocs\qlnhansu_V3\backend\src\public\admin\api/../../../config/functions.php
